{"__type":"$$EventMessageAudit","id":"281e1fa7-91f1-46d4-97be-ab56abac1207","ts":"2025-10-15T11:41:36.873+00:00","eventName":"n8n.audit.workflow.created","message":"n8n.audit.workflow.created","payload":{"userId":"2d81a8bc-7eae-47dc-923b-6efa2c55cab6","_email":"khanannas55@gmail.com","_firstName":"Annas","_lastName":"Khan","globalRole":"global:owner","workflowId":"iXOez3vqkJStzStC","workflowName":"Lead Automation Workflow"}}
{"__type":"$$EventMessageConfirm","confirm":"281e1fa7-91f1-46d4-97be-ab56abac1207","ts":"2025-10-15T11:41:36.874+00:00","source":{"id":"0","name":"eventBus"}}
{"__type":"$$EventMessageWorkflow","id":"c7f6d7b1-20d4-4227-9317-7f96c11cde68","ts":"2025-10-15T17:56:57.243+05:00","eventName":"n8n.workflow.started","message":"n8n.workflow.started","payload":{"executionId":"1","workflowId":"iXOez3vqkJStzStC","isManual":false,"workflowName":"Lead Automation Workflow"}}
{"__type":"$$EventMessageConfirm","confirm":"c7f6d7b1-20d4-4227-9317-7f96c11cde68","ts":"2025-10-15T17:56:57.293+05:00","source":{"id":"0","name":"eventBus"}}
{"__type":"$$EventMessageNode","id":"fd0f958f-d77b-4244-b84f-f80124f80213","ts":"2025-10-15T17:56:57.420+05:00","eventName":"n8n.node.started","message":"n8n.node.started","payload":{"workflowId":"iXOez3vqkJStzStC","workflowName":"Lead Automation Workflow","executionId":"1","nodeType":"n8n-nodes-base.webhook","nodeName":"Webhook","nodeId":"0a1e91d5-39ec-4680-a449-070ed435685f"}}
{"__type":"$$EventMessageConfirm","confirm":"fd0f958f-d77b-4244-b84f-f80124f80213","ts":"2025-10-15T17:56:57.420+05:00","source":{"id":"0","name":"eventBus"}}
{"__type":"$$EventMessageNode","id":"77730a03-54eb-4395-a339-6d00ea24c3f1","ts":"2025-10-15T17:56:57.464+05:00","eventName":"n8n.node.finished","message":"n8n.node.finished","payload":{"workflowId":"iXOez3vqkJStzStC","workflowName":"Lead Automation Workflow","executionId":"1","nodeType":"n8n-nodes-base.webhook","nodeName":"Webhook","nodeId":"0a1e91d5-39ec-4680-a449-070ed435685f"}}
{"__type":"$$EventMessageConfirm","confirm":"77730a03-54eb-4395-a339-6d00ea24c3f1","ts":"2025-10-15T17:56:57.465+05:00","source":{"id":"0","name":"eventBus"}}
{"__type":"$$EventMessageWorkflow","id":"9cf37479-299d-4838-bfa6-949912a4084d","ts":"2025-10-15T17:56:57.844+05:00","eventName":"n8n.workflow.success","message":"n8n.workflow.success","payload":{"executionId":"1","success":true,"isManual":true,"workflowId":"iXOez3vqkJStzStC","workflowName":"Lead Automation Workflow"}}
{"__type":"$$EventMessageConfirm","confirm":"9cf37479-299d-4838-bfa6-949912a4084d","ts":"2025-10-15T17:56:57.844+05:00","source":{"id":"0","name":"eventBus"}}
{"__type":"$$EventMessageWorkflow","id":"0b015cf3-5dfa-4827-af7d-28e7bb25e11b","ts":"2025-10-15T19:29:48.506+05:00","eventName":"n8n.workflow.started","message":"n8n.workflow.started","payload":{"executionId":"2","workflowId":"iXOez3vqkJStzStC","isManual":false,"workflowName":"Lead Automation Workflow"}}
{"__type":"$$EventMessageConfirm","confirm":"0b015cf3-5dfa-4827-af7d-28e7bb25e11b","ts":"2025-10-15T19:29:48.508+05:00","source":{"id":"0","name":"eventBus"}}
{"__type":"$$EventMessageNode","id":"2683c046-24d3-461a-8476-39a03683cf3f","ts":"2025-10-15T19:29:48.525+05:00","eventName":"n8n.node.started","message":"n8n.node.started","payload":{"workflowId":"iXOez3vqkJStzStC","workflowName":"Lead Automation Workflow","executionId":"2","nodeType":"n8n-nodes-base.set","nodeName":"Edit Fields","nodeId":"5d7b59df-b549-4fa5-a6f0-ce52c116195a"}}
{"__type":"$$EventMessageConfirm","confirm":"2683c046-24d3-461a-8476-39a03683cf3f","ts":"2025-10-15T19:29:48.526+05:00","source":{"id":"0","name":"eventBus"}}
{"__type":"$$EventMessageNode","id":"72d18656-ace5-4a94-a7ee-aa3fc66b6cbe","ts":"2025-10-15T19:29:48.828+05:00","eventName":"n8n.node.finished","message":"n8n.node.finished","payload":{"workflowId":"iXOez3vqkJStzStC","workflowName":"Lead Automation Workflow","executionId":"2","nodeType":"n8n-nodes-base.set","nodeName":"Edit Fields","nodeId":"5d7b59df-b549-4fa5-a6f0-ce52c116195a"}}
{"__type":"$$EventMessageConfirm","confirm":"72d18656-ace5-4a94-a7ee-aa3fc66b6cbe","ts":"2025-10-15T19:29:48.829+05:00","source":{"id":"0","name":"eventBus"}}
{"__type":"$$EventMessageWorkflow","id":"a2f9c941-2880-4f8b-bf13-945b401f6992","ts":"2025-10-15T19:29:48.856+05:00","eventName":"n8n.workflow.success","message":"n8n.workflow.success","payload":{"userId":"2d81a8bc-7eae-47dc-923b-6efa2c55cab6","executionId":"2","success":true,"isManual":true,"workflowId":"iXOez3vqkJStzStC","workflowName":"Lead Automation Workflow"}}
{"__type":"$$EventMessageConfirm","confirm":"a2f9c941-2880-4f8b-bf13-945b401f6992","ts":"2025-10-15T19:29:48.873+05:00","source":{"id":"0","name":"eventBus"}}
{"__type":"$$EventMessageWorkflow","id":"03c34465-d10c-4573-ac9e-b94ba481fb87","ts":"2025-10-15T19:39:48.798+05:00","eventName":"n8n.workflow.started","message":"n8n.workflow.started","payload":{"executionId":"3","workflowId":"iXOez3vqkJStzStC","isManual":false,"workflowName":"Lead Automation Workflow"}}
{"__type":"$$EventMessageConfirm","confirm":"03c34465-d10c-4573-ac9e-b94ba481fb87","ts":"2025-10-15T19:39:48.799+05:00","source":{"id":"0","name":"eventBus"}}
{"__type":"$$EventMessageNode","id":"3cf105ce-2fd3-4d0e-8945-3d9375029b65","ts":"2025-10-15T19:39:48.801+05:00","eventName":"n8n.node.started","message":"n8n.node.started","payload":{"workflowId":"iXOez3vqkJStzStC","workflowName":"Lead Automation Workflow","executionId":"3","nodeType":"n8n-nodes-base.webhook","nodeName":"Webhook","nodeId":"0a1e91d5-39ec-4680-a449-070ed435685f"}}
{"__type":"$$EventMessageConfirm","confirm":"3cf105ce-2fd3-4d0e-8945-3d9375029b65","ts":"2025-10-15T19:39:48.802+05:00","source":{"id":"0","name":"eventBus"}}
{"__type":"$$EventMessageNode","id":"bcac9227-23bc-4af0-a7fa-eec5460c4469","ts":"2025-10-15T19:39:48.818+05:00","eventName":"n8n.node.finished","message":"n8n.node.finished","payload":{"workflowId":"iXOez3vqkJStzStC","workflowName":"Lead Automation Workflow","executionId":"3","nodeType":"n8n-nodes-base.webhook","nodeName":"Webhook","nodeId":"0a1e91d5-39ec-4680-a449-070ed435685f"}}
{"__type":"$$EventMessageConfirm","confirm":"bcac9227-23bc-4af0-a7fa-eec5460c4469","ts":"2025-10-15T19:39:48.819+05:00","source":{"id":"0","name":"eventBus"}}
{"__type":"$$EventMessageWorkflow","id":"fab5bb96-8290-4aca-8083-3f7e76f17bc6","ts":"2025-10-15T19:39:48.823+05:00","eventName":"n8n.workflow.success","message":"n8n.workflow.success","payload":{"executionId":"3","success":true,"isManual":true,"workflowId":"iXOez3vqkJStzStC","workflowName":"Lead Automation Workflow"}}
{"__type":"$$EventMessageConfirm","confirm":"fab5bb96-8290-4aca-8083-3f7e76f17bc6","ts":"2025-10-15T19:39:48.823+05:00","source":{"id":"0","name":"eventBus"}}
{"__type":"$$EventMessageWorkflow","id":"48f512cd-df44-4288-b809-f3c1fc95d3a4","ts":"2025-10-15T19:39:57.505+05:00","eventName":"n8n.workflow.started","message":"n8n.workflow.started","payload":{"executionId":"4","workflowId":"iXOez3vqkJStzStC","isManual":false,"workflowName":"Lead Automation Workflow"}}
{"__type":"$$EventMessageConfirm","confirm":"48f512cd-df44-4288-b809-f3c1fc95d3a4","ts":"2025-10-15T19:39:57.506+05:00","source":{"id":"0","name":"eventBus"}}
{"__type":"$$EventMessageNode","id":"67b55ffd-1fb5-4215-9250-bd96680a0251","ts":"2025-10-15T19:39:57.507+05:00","eventName":"n8n.node.started","message":"n8n.node.started","payload":{"workflowId":"iXOez3vqkJStzStC","workflowName":"Lead Automation Workflow","executionId":"4","nodeType":"n8n-nodes-base.set","nodeName":"Edit Fields","nodeId":"5d7b59df-b549-4fa5-a6f0-ce52c116195a"}}
{"__type":"$$EventMessageConfirm","confirm":"67b55ffd-1fb5-4215-9250-bd96680a0251","ts":"2025-10-15T19:39:57.507+05:00","source":{"id":"0","name":"eventBus"}}
{"__type":"$$EventMessageNode","id":"682da5d4-2320-423b-8bf0-78dbfc6c5a25","ts":"2025-10-15T19:39:57.513+05:00","eventName":"n8n.node.finished","message":"n8n.node.finished","payload":{"workflowId":"iXOez3vqkJStzStC","workflowName":"Lead Automation Workflow","executionId":"4","nodeType":"n8n-nodes-base.set","nodeName":"Edit Fields","nodeId":"5d7b59df-b549-4fa5-a6f0-ce52c116195a"}}
{"__type":"$$EventMessageConfirm","confirm":"682da5d4-2320-423b-8bf0-78dbfc6c5a25","ts":"2025-10-15T19:39:57.514+05:00","source":{"id":"0","name":"eventBus"}}
{"__type":"$$EventMessageWorkflow","id":"719c4143-aeaf-4ce3-a4c4-30e819882cfa","ts":"2025-10-15T19:39:57.573+05:00","eventName":"n8n.workflow.success","message":"n8n.workflow.success","payload":{"userId":"2d81a8bc-7eae-47dc-923b-6efa2c55cab6","executionId":"4","success":true,"isManual":true,"workflowId":"iXOez3vqkJStzStC","workflowName":"Lead Automation Workflow"}}
{"__type":"$$EventMessageConfirm","confirm":"719c4143-aeaf-4ce3-a4c4-30e819882cfa","ts":"2025-10-15T19:39:57.574+05:00","source":{"id":"0","name":"eventBus"}}
{"__type":"$$EventMessageAudit","id":"dc9901af-c1d5-48fe-83df-bbf7edc7a297","ts":"2025-10-15T19:40:18.382+05:00","eventName":"n8n.audit.workflow.updated","message":"n8n.audit.workflow.updated","payload":{"userId":"2d81a8bc-7eae-47dc-923b-6efa2c55cab6","_email":"khanannas55@gmail.com","_firstName":"Annas","_lastName":"Khan","globalRole":"global:owner","workflowId":"iXOez3vqkJStzStC","workflowName":"Lead Automation Workflow"}}
{"__type":"$$EventMessageConfirm","confirm":"dc9901af-c1d5-48fe-83df-bbf7edc7a297","ts":"2025-10-15T19:40:18.382+05:00","source":{"id":"0","name":"eventBus"}}
