{"__type":"$$EventMessageAudit","id":"231ca676-bd68-4f6c-b17d-b51342e3f909","ts":"2025-10-16T10:50:45.527+00:00","eventName":"n8n.audit.user.credentials.updated","message":"n8n.audit.user.credentials.updated","payload":{"userId":"2d81a8bc-7eae-47dc-923b-6efa2c55cab6","_email":"khanannas55@gmail.com","_firstName":"Annas","_lastName":"Khan","globalRole":"global:owner","credentialType":"googleSheetsOAuth2Api","credentialId":"qM0fymMQ8QLo6ZYa"}}
{"__type":"$$EventMessageConfirm","confirm":"231ca676-bd68-4f6c-b17d-b51342e3f909","ts":"2025-10-16T10:50:45.527+00:00","source":{"id":"0","name":"eventBus"}}
{"__type":"$$EventMessageAudit","id":"42acca20-7d34-4b1a-8030-a963bd2de0c3","ts":"2025-10-16T10:52:44.654+00:00","eventName":"n8n.audit.user.credentials.updated","message":"n8n.audit.user.credentials.updated","payload":{"userId":"2d81a8bc-7eae-47dc-923b-6efa2c55cab6","_email":"khanannas55@gmail.com","_firstName":"Annas","_lastName":"Khan","globalRole":"global:owner","credentialType":"googleSheetsOAuth2Api","credentialId":"qM0fymMQ8QLo6ZYa"}}
{"__type":"$$EventMessageConfirm","confirm":"42acca20-7d34-4b1a-8030-a963bd2de0c3","ts":"2025-10-16T10:52:44.654+00:00","source":{"id":"0","name":"eventBus"}}
{"__type":"$$EventMessageAudit","id":"1ae46e69-c622-4dfc-bfe5-d5c070662302","ts":"2025-10-16T10:56:01.602+00:00","eventName":"n8n.audit.user.credentials.deleted","message":"n8n.audit.user.credentials.deleted","payload":{"userId":"2d81a8bc-7eae-47dc-923b-6efa2c55cab6","_email":"khanannas55@gmail.com","_firstName":"Annas","_lastName":"Khan","globalRole":"global:owner","credentialType":"googleSheetsOAuth2Api","credentialId":"qM0fymMQ8QLo6ZYa"}}
{"__type":"$$EventMessageConfirm","confirm":"1ae46e69-c622-4dfc-bfe5-d5c070662302","ts":"2025-10-16T10:56:01.602+00:00","source":{"id":"0","name":"eventBus"}}
{"__type":"$$EventMessageAudit","id":"2dafa1d0-d415-4a60-8a08-54c6ebe536eb","ts":"2025-10-16T11:02:46.608+00:00","eventName":"n8n.audit.user.credentials.created","message":"n8n.audit.user.credentials.created","payload":{"userId":"2d81a8bc-7eae-47dc-923b-6efa2c55cab6","_email":"khanannas55@gmail.com","_firstName":"Annas","_lastName":"Khan","globalRole":"global:owner","credentialType":"googleSheetsOAuth2Api","credentialId":"JeV1ENsVYo35fJDB","publicApi":false,"projectId":"uFSbr0Cc2woR54Y6","projectType":"personal"}}
{"__type":"$$EventMessageConfirm","confirm":"2dafa1d0-d415-4a60-8a08-54c6ebe536eb","ts":"2025-10-16T11:02:46.608+00:00","source":{"id":"0","name":"eventBus"}}
{"__type":"$$EventMessageAudit","id":"62b8d308-f903-47a0-ae54-accb5db9d380","ts":"2025-10-16T11:06:47.836+00:00","eventName":"n8n.audit.user.credentials.updated","message":"n8n.audit.user.credentials.updated","payload":{"userId":"2d81a8bc-7eae-47dc-923b-6efa2c55cab6","_email":"khanannas55@gmail.com","_firstName":"Annas","_lastName":"Khan","globalRole":"global:owner","credentialType":"googleSheetsOAuth2Api","credentialId":"JeV1ENsVYo35fJDB"}}
{"__type":"$$EventMessageConfirm","confirm":"62b8d308-f903-47a0-ae54-accb5db9d380","ts":"2025-10-16T11:06:47.836+00:00","source":{"id":"0","name":"eventBus"}}
{"__type":"$$EventMessageWorkflow","id":"c6861870-a7a9-4457-aaef-a815e4adf98d","ts":"2025-10-16T16:11:32.580+05:00","eventName":"n8n.workflow.started","message":"n8n.workflow.started","payload":{"executionId":"6","workflowId":"iXOez3vqkJStzStC","isManual":false,"workflowName":"Lead Automation Workflow"}}
{"__type":"$$EventMessageConfirm","confirm":"c6861870-a7a9-4457-aaef-a815e4adf98d","ts":"2025-10-16T16:11:32.580+05:00","source":{"id":"0","name":"eventBus"}}
{"__type":"$$EventMessageNode","id":"5cdf7b3e-8b63-4a60-9ae6-fb6ec56a06a7","ts":"2025-10-16T16:11:32.583+05:00","eventName":"n8n.node.started","message":"n8n.node.started","payload":{"workflowId":"iXOez3vqkJStzStC","workflowName":"Lead Automation Workflow","executionId":"6","nodeType":"n8n-nodes-base.webhook","nodeName":"Webhook","nodeId":"0a1e91d5-39ec-4680-a449-070ed435685f"}}
{"__type":"$$EventMessageConfirm","confirm":"5cdf7b3e-8b63-4a60-9ae6-fb6ec56a06a7","ts":"2025-10-16T16:11:32.583+05:00","source":{"id":"0","name":"eventBus"}}
{"__type":"$$EventMessageNode","id":"7b7849ee-b2f1-4ec6-942f-9145bc06fff5","ts":"2025-10-16T16:11:32.587+05:00","eventName":"n8n.node.finished","message":"n8n.node.finished","payload":{"workflowId":"iXOez3vqkJStzStC","workflowName":"Lead Automation Workflow","executionId":"6","nodeType":"n8n-nodes-base.webhook","nodeName":"Webhook","nodeId":"0a1e91d5-39ec-4680-a449-070ed435685f"}}
{"__type":"$$EventMessageConfirm","confirm":"7b7849ee-b2f1-4ec6-942f-9145bc06fff5","ts":"2025-10-16T16:11:32.587+05:00","source":{"id":"0","name":"eventBus"}}
{"__type":"$$EventMessageNode","id":"774aeba3-b179-4a7b-b7d9-3a4ed219a39e","ts":"2025-10-16T16:11:32.589+05:00","eventName":"n8n.node.started","message":"n8n.node.started","payload":{"workflowId":"iXOez3vqkJStzStC","workflowName":"Lead Automation Workflow","executionId":"6","nodeType":"n8n-nodes-base.set","nodeName":"Edit Fields","nodeId":"5d7b59df-b549-4fa5-a6f0-ce52c116195a"}}
{"__type":"$$EventMessageConfirm","confirm":"774aeba3-b179-4a7b-b7d9-3a4ed219a39e","ts":"2025-10-16T16:11:32.589+05:00","source":{"id":"0","name":"eventBus"}}
{"__type":"$$EventMessageNode","id":"f726cfe9-8582-484e-a010-4ce4cd99e75e","ts":"2025-10-16T16:11:32.639+05:00","eventName":"n8n.node.finished","message":"n8n.node.finished","payload":{"workflowId":"iXOez3vqkJStzStC","workflowName":"Lead Automation Workflow","executionId":"6","nodeType":"n8n-nodes-base.set","nodeName":"Edit Fields","nodeId":"5d7b59df-b549-4fa5-a6f0-ce52c116195a"}}
{"__type":"$$EventMessageConfirm","confirm":"f726cfe9-8582-484e-a010-4ce4cd99e75e","ts":"2025-10-16T16:11:32.640+05:00","source":{"id":"0","name":"eventBus"}}
{"__type":"$$EventMessageNode","id":"4b1f509b-8131-498c-8833-14bc3bf2b6ab","ts":"2025-10-16T16:11:32.641+05:00","eventName":"n8n.node.started","message":"n8n.node.started","payload":{"workflowId":"iXOez3vqkJStzStC","workflowName":"Lead Automation Workflow","executionId":"6","nodeType":"n8n-nodes-base.googleSheets","nodeName":"Append row in sheet","nodeId":"fe7dce78-ec25-4f6a-8cc8-69142c670dce"}}
{"__type":"$$EventMessageConfirm","confirm":"4b1f509b-8131-498c-8833-14bc3bf2b6ab","ts":"2025-10-16T16:11:32.641+05:00","source":{"id":"0","name":"eventBus"}}
{"__type":"$$EventMessageNode","id":"1b06baac-e163-40a9-9443-f1e3bb81aa05","ts":"2025-10-16T16:11:35.377+05:00","eventName":"n8n.node.finished","message":"n8n.node.finished","payload":{"workflowId":"iXOez3vqkJStzStC","workflowName":"Lead Automation Workflow","executionId":"6","nodeType":"n8n-nodes-base.googleSheets","nodeName":"Append row in sheet","nodeId":"fe7dce78-ec25-4f6a-8cc8-69142c670dce"}}
{"__type":"$$EventMessageConfirm","confirm":"1b06baac-e163-40a9-9443-f1e3bb81aa05","ts":"2025-10-16T16:11:35.378+05:00","source":{"id":"0","name":"eventBus"}}
{"__type":"$$EventMessageWorkflow","id":"05e40ef0-455b-436a-b33b-3e86e8c80ce7","ts":"2025-10-16T16:11:35.400+05:00","eventName":"n8n.workflow.failed","message":"n8n.workflow.failed","payload":{"executionId":"6","success":false,"isManual":true,"workflowId":"iXOez3vqkJStzStC","workflowName":"Lead Automation Workflow","lastNodeExecuted":"Append row in sheet","errorMessage":"Could not get parameter"}}
{"__type":"$$EventMessageConfirm","confirm":"05e40ef0-455b-436a-b33b-3e86e8c80ce7","ts":"2025-10-16T16:11:35.401+05:00","source":{"id":"0","name":"eventBus"}}
{"__type":"$$EventMessageWorkflow","id":"7daba19c-9c41-4b49-a66b-85ea66494369","ts":"2025-10-16T16:13:09.673+05:00","eventName":"n8n.workflow.started","message":"n8n.workflow.started","payload":{"executionId":"7","workflowId":"iXOez3vqkJStzStC","isManual":false,"workflowName":"Lead Automation Workflow"}}
{"__type":"$$EventMessageConfirm","confirm":"7daba19c-9c41-4b49-a66b-85ea66494369","ts":"2025-10-16T16:13:09.673+05:00","source":{"id":"0","name":"eventBus"}}
{"__type":"$$EventMessageNode","id":"b8fe4962-a698-4cb1-abda-56fd141aceb7","ts":"2025-10-16T16:13:09.674+05:00","eventName":"n8n.node.started","message":"n8n.node.started","payload":{"workflowId":"iXOez3vqkJStzStC","workflowName":"Lead Automation Workflow","executionId":"7","nodeType":"n8n-nodes-base.set","nodeName":"Edit Fields","nodeId":"5d7b59df-b549-4fa5-a6f0-ce52c116195a"}}
{"__type":"$$EventMessageConfirm","confirm":"b8fe4962-a698-4cb1-abda-56fd141aceb7","ts":"2025-10-16T16:13:09.674+05:00","source":{"id":"0","name":"eventBus"}}
{"__type":"$$EventMessageNode","id":"b55b06ad-3f9c-4803-a318-c45ea66e4264","ts":"2025-10-16T16:13:09.689+05:00","eventName":"n8n.node.finished","message":"n8n.node.finished","payload":{"workflowId":"iXOez3vqkJStzStC","workflowName":"Lead Automation Workflow","executionId":"7","nodeType":"n8n-nodes-base.set","nodeName":"Edit Fields","nodeId":"5d7b59df-b549-4fa5-a6f0-ce52c116195a"}}
{"__type":"$$EventMessageConfirm","confirm":"b55b06ad-3f9c-4803-a318-c45ea66e4264","ts":"2025-10-16T16:13:09.689+05:00","source":{"id":"0","name":"eventBus"}}
{"__type":"$$EventMessageWorkflow","id":"39c9818b-9658-48ce-b0c4-345217bf20bf","ts":"2025-10-16T16:13:09.704+05:00","eventName":"n8n.workflow.success","message":"n8n.workflow.success","payload":{"userId":"2d81a8bc-7eae-47dc-923b-6efa2c55cab6","executionId":"7","success":true,"isManual":true,"workflowId":"iXOez3vqkJStzStC","workflowName":"Lead Automation Workflow"}}
{"__type":"$$EventMessageConfirm","confirm":"39c9818b-9658-48ce-b0c4-345217bf20bf","ts":"2025-10-16T16:13:09.704+05:00","source":{"id":"0","name":"eventBus"}}
{"__type":"$$EventMessageWorkflow","id":"a86ed312-3ad7-4ed1-9a3f-925a7739a01e","ts":"2025-10-16T16:13:35.309+05:00","eventName":"n8n.workflow.started","message":"n8n.workflow.started","payload":{"executionId":"8","workflowId":"iXOez3vqkJStzStC","isManual":false,"workflowName":"Lead Automation Workflow"}}
{"__type":"$$EventMessageConfirm","confirm":"a86ed312-3ad7-4ed1-9a3f-925a7739a01e","ts":"2025-10-16T16:13:35.310+05:00","source":{"id":"0","name":"eventBus"}}
{"__type":"$$EventMessageNode","id":"0cdcad3b-0ebb-4a2e-a8dd-65e07b8f1531","ts":"2025-10-16T16:13:35.314+05:00","eventName":"n8n.node.started","message":"n8n.node.started","payload":{"workflowId":"iXOez3vqkJStzStC","workflowName":"Lead Automation Workflow","executionId":"8","nodeType":"n8n-nodes-base.googleSheets","nodeName":"Append row in sheet","nodeId":"fe7dce78-ec25-4f6a-8cc8-69142c670dce"}}
{"__type":"$$EventMessageConfirm","confirm":"0cdcad3b-0ebb-4a2e-a8dd-65e07b8f1531","ts":"2025-10-16T16:13:35.315+05:00","source":{"id":"0","name":"eventBus"}}
{"__type":"$$EventMessageNode","id":"11da12c8-47ab-4619-8690-4c3b37220197","ts":"2025-10-16T16:13:37.561+05:00","eventName":"n8n.node.finished","message":"n8n.node.finished","payload":{"workflowId":"iXOez3vqkJStzStC","workflowName":"Lead Automation Workflow","executionId":"8","nodeType":"n8n-nodes-base.googleSheets","nodeName":"Append row in sheet","nodeId":"fe7dce78-ec25-4f6a-8cc8-69142c670dce"}}
{"__type":"$$EventMessageConfirm","confirm":"11da12c8-47ab-4619-8690-4c3b37220197","ts":"2025-10-16T16:13:37.561+05:00","source":{"id":"0","name":"eventBus"}}
{"__type":"$$EventMessageWorkflow","id":"87f52d1b-7f39-444c-bd65-ae64ff49945d","ts":"2025-10-16T16:13:37.571+05:00","eventName":"n8n.workflow.failed","message":"n8n.workflow.failed","payload":{"userId":"2d81a8bc-7eae-47dc-923b-6efa2c55cab6","executionId":"8","success":false,"isManual":true,"workflowId":"iXOez3vqkJStzStC","workflowName":"Lead Automation Workflow","lastNodeExecuted":"Append row in sheet","errorNodeType":"n8n-nodes-base.googleSheets","errorMessage":"Column names were updated after the node's setup"}}
{"__type":"$$EventMessageConfirm","confirm":"87f52d1b-7f39-444c-bd65-ae64ff49945d","ts":"2025-10-16T16:13:37.572+05:00","source":{"id":"0","name":"eventBus"}}
{"__type":"$$EventMessageWorkflow","id":"b10548e4-ef4d-484f-8143-6bb1db37894a","ts":"2025-10-16T16:13:50.076+05:00","eventName":"n8n.workflow.started","message":"n8n.workflow.started","payload":{"executionId":"9","workflowId":"iXOez3vqkJStzStC","isManual":false,"workflowName":"Lead Automation Workflow"}}
{"__type":"$$EventMessageConfirm","confirm":"b10548e4-ef4d-484f-8143-6bb1db37894a","ts":"2025-10-16T16:13:50.076+05:00","source":{"id":"0","name":"eventBus"}}
{"__type":"$$EventMessageNode","id":"dab86663-bffd-42e5-b462-c118ba0e0147","ts":"2025-10-16T16:13:50.078+05:00","eventName":"n8n.node.started","message":"n8n.node.started","payload":{"workflowId":"iXOez3vqkJStzStC","workflowName":"Lead Automation Workflow","executionId":"9","nodeType":"n8n-nodes-base.googleSheets","nodeName":"Append row in sheet","nodeId":"fe7dce78-ec25-4f6a-8cc8-69142c670dce"}}
{"__type":"$$EventMessageConfirm","confirm":"dab86663-bffd-42e5-b462-c118ba0e0147","ts":"2025-10-16T16:13:50.078+05:00","source":{"id":"0","name":"eventBus"}}
{"__type":"$$EventMessageNode","id":"c4079b75-6189-4959-98cc-42468c9024a0","ts":"2025-10-16T16:14:58.596+05:00","eventName":"n8n.node.finished","message":"n8n.node.finished","payload":{"workflowId":"iXOez3vqkJStzStC","workflowName":"Lead Automation Workflow","executionId":"9","nodeType":"n8n-nodes-base.googleSheets","nodeName":"Append row in sheet","nodeId":"fe7dce78-ec25-4f6a-8cc8-69142c670dce"}}
{"__type":"$$EventMessageConfirm","confirm":"c4079b75-6189-4959-98cc-42468c9024a0","ts":"2025-10-16T16:14:58.597+05:00","source":{"id":"0","name":"eventBus"}}
{"__type":"$$EventMessageWorkflow","id":"0bcc22fb-df02-44b3-88ec-f755b345b358","ts":"2025-10-16T16:14:58.601+05:00","eventName":"n8n.workflow.failed","message":"n8n.workflow.failed","payload":{"userId":"2d81a8bc-7eae-47dc-923b-6efa2c55cab6","executionId":"9","success":false,"isManual":true,"workflowId":"iXOez3vqkJStzStC","workflowName":"Lead Automation Workflow","lastNodeExecuted":"Append row in sheet","errorNodeType":"n8n-nodes-base.googleSheets","errorMessage":"At least one value has to be added under 'Values to Send'"}}
{"__type":"$$EventMessageConfirm","confirm":"0bcc22fb-df02-44b3-88ec-f755b345b358","ts":"2025-10-16T16:14:58.601+05:00","source":{"id":"0","name":"eventBus"}}
{"__type":"$$EventMessageWorkflow","id":"7e5f3ec6-3a33-49c7-b8c7-00c19fe51455","ts":"2025-10-16T16:15:09.690+05:00","eventName":"n8n.workflow.started","message":"n8n.workflow.started","payload":{"executionId":"10","workflowId":"iXOez3vqkJStzStC","isManual":false,"workflowName":"Lead Automation Workflow"}}
{"__type":"$$EventMessageConfirm","confirm":"7e5f3ec6-3a33-49c7-b8c7-00c19fe51455","ts":"2025-10-16T16:15:09.690+05:00","source":{"id":"0","name":"eventBus"}}
{"__type":"$$EventMessageNode","id":"9f93a52d-2543-4ecf-a6bb-d2ad7d15395e","ts":"2025-10-16T16:15:09.691+05:00","eventName":"n8n.node.started","message":"n8n.node.started","payload":{"workflowId":"iXOez3vqkJStzStC","workflowName":"Lead Automation Workflow","executionId":"10","nodeType":"n8n-nodes-base.googleSheets","nodeName":"Append row in sheet","nodeId":"fe7dce78-ec25-4f6a-8cc8-69142c670dce"}}
{"__type":"$$EventMessageConfirm","confirm":"9f93a52d-2543-4ecf-a6bb-d2ad7d15395e","ts":"2025-10-16T16:15:09.692+05:00","source":{"id":"0","name":"eventBus"}}
{"__type":"$$EventMessageNode","id":"7712415f-1353-4659-85fe-802f30b30517","ts":"2025-10-16T16:15:14.646+05:00","eventName":"n8n.node.finished","message":"n8n.node.finished","payload":{"workflowId":"iXOez3vqkJStzStC","workflowName":"Lead Automation Workflow","executionId":"10","nodeType":"n8n-nodes-base.googleSheets","nodeName":"Append row in sheet","nodeId":"fe7dce78-ec25-4f6a-8cc8-69142c670dce"}}
{"__type":"$$EventMessageConfirm","confirm":"7712415f-1353-4659-85fe-802f30b30517","ts":"2025-10-16T16:15:14.646+05:00","source":{"id":"0","name":"eventBus"}}
{"__type":"$$EventMessageWorkflow","id":"f3c21600-ad2d-4fbb-ba2c-2a40be9b35aa","ts":"2025-10-16T16:15:14.651+05:00","eventName":"n8n.workflow.success","message":"n8n.workflow.success","payload":{"userId":"2d81a8bc-7eae-47dc-923b-6efa2c55cab6","executionId":"10","success":true,"isManual":true,"workflowId":"iXOez3vqkJStzStC","workflowName":"Lead Automation Workflow"}}
{"__type":"$$EventMessageConfirm","confirm":"f3c21600-ad2d-4fbb-ba2c-2a40be9b35aa","ts":"2025-10-16T16:15:14.651+05:00","source":{"id":"0","name":"eventBus"}}
{"__type":"$$EventMessageWorkflow","id":"76396483-1247-4047-ba06-de64bdfdec2d","ts":"2025-10-16T16:16:05.410+05:00","eventName":"n8n.workflow.started","message":"n8n.workflow.started","payload":{"executionId":"11","workflowId":"iXOez3vqkJStzStC","isManual":false,"workflowName":"Lead Automation Workflow"}}
{"__type":"$$EventMessageConfirm","confirm":"76396483-1247-4047-ba06-de64bdfdec2d","ts":"2025-10-16T16:16:05.411+05:00","source":{"id":"0","name":"eventBus"}}
{"__type":"$$EventMessageNode","id":"1808e7ba-0705-4107-8c79-b8c31ad1c000","ts":"2025-10-16T16:16:05.412+05:00","eventName":"n8n.node.started","message":"n8n.node.started","payload":{"workflowId":"iXOez3vqkJStzStC","workflowName":"Lead Automation Workflow","executionId":"11","nodeType":"n8n-nodes-base.googleSheets","nodeName":"Append row in sheet","nodeId":"fe7dce78-ec25-4f6a-8cc8-69142c670dce"}}
{"__type":"$$EventMessageConfirm","confirm":"1808e7ba-0705-4107-8c79-b8c31ad1c000","ts":"2025-10-16T16:16:05.412+05:00","source":{"id":"0","name":"eventBus"}}
{"__type":"$$EventMessageNode","id":"4b5f6b62-4ad4-4432-aa0e-7bec8bb58190","ts":"2025-10-16T16:16:09.024+05:00","eventName":"n8n.node.finished","message":"n8n.node.finished","payload":{"workflowId":"iXOez3vqkJStzStC","workflowName":"Lead Automation Workflow","executionId":"11","nodeType":"n8n-nodes-base.googleSheets","nodeName":"Append row in sheet","nodeId":"fe7dce78-ec25-4f6a-8cc8-69142c670dce"}}
{"__type":"$$EventMessageConfirm","confirm":"4b5f6b62-4ad4-4432-aa0e-7bec8bb58190","ts":"2025-10-16T16:16:09.024+05:00","source":{"id":"0","name":"eventBus"}}
{"__type":"$$EventMessageWorkflow","id":"ca186b74-7758-4593-9b93-75021a1a348e","ts":"2025-10-16T16:16:09.028+05:00","eventName":"n8n.workflow.success","message":"n8n.workflow.success","payload":{"userId":"2d81a8bc-7eae-47dc-923b-6efa2c55cab6","executionId":"11","success":true,"isManual":true,"workflowId":"iXOez3vqkJStzStC","workflowName":"Lead Automation Workflow"}}
{"__type":"$$EventMessageConfirm","confirm":"ca186b74-7758-4593-9b93-75021a1a348e","ts":"2025-10-16T16:16:09.028+05:00","source":{"id":"0","name":"eventBus"}}
{"__type":"$$EventMessageAudit","id":"26f101d4-0cbb-45f5-bf3a-1c1ecdc1e12e","ts":"2025-10-16T16:20:10.834+05:00","eventName":"n8n.audit.workflow.updated","message":"n8n.audit.workflow.updated","payload":{"userId":"2d81a8bc-7eae-47dc-923b-6efa2c55cab6","_email":"khanannas55@gmail.com","_firstName":"Annas","_lastName":"Khan","globalRole":"global:owner","workflowId":"iXOez3vqkJStzStC","workflowName":"Lead Automation Workflow"}}
{"__type":"$$EventMessageConfirm","confirm":"26f101d4-0cbb-45f5-bf3a-1c1ecdc1e12e","ts":"2025-10-16T16:20:10.834+05:00","source":{"id":"0","name":"eventBus"}}
{"__type":"$$EventMessageAudit","id":"c205afdb-f103-4e58-9b7a-4a2dfb48b29d","ts":"2025-10-16T16:20:12.863+05:00","eventName":"n8n.audit.workflow.updated","message":"n8n.audit.workflow.updated","payload":{"userId":"2d81a8bc-7eae-47dc-923b-6efa2c55cab6","_email":"khanannas55@gmail.com","_firstName":"Annas","_lastName":"Khan","globalRole":"global:owner","workflowId":"iXOez3vqkJStzStC","workflowName":"Lead Automation Workflow"}}
{"__type":"$$EventMessageConfirm","confirm":"c205afdb-f103-4e58-9b7a-4a2dfb48b29d","ts":"2025-10-16T16:20:12.863+05:00","source":{"id":"0","name":"eventBus"}}
{"__type":"$$EventMessageAudit","id":"7c524cab-9cd0-4768-950b-505530e09938","ts":"2025-10-16T16:23:15.891+05:00","eventName":"n8n.audit.workflow.updated","message":"n8n.audit.workflow.updated","payload":{"userId":"2d81a8bc-7eae-47dc-923b-6efa2c55cab6","_email":"khanannas55@gmail.com","_firstName":"Annas","_lastName":"Khan","globalRole":"global:owner","workflowId":"iXOez3vqkJStzStC","workflowName":"Lead Automation Workflow"}}
{"__type":"$$EventMessageConfirm","confirm":"7c524cab-9cd0-4768-950b-505530e09938","ts":"2025-10-16T16:23:15.891+05:00","source":{"id":"0","name":"eventBus"}}
{"__type":"$$EventMessageAudit","id":"380abd69-053b-4c90-92eb-6dcb9ab587f5","ts":"2025-10-16T19:12:24.958+05:00","eventName":"n8n.audit.user.credentials.created","message":"n8n.audit.user.credentials.created","payload":{"userId":"2d81a8bc-7eae-47dc-923b-6efa2c55cab6","_email":"khanannas55@gmail.com","_firstName":"Annas","_lastName":"Khan","globalRole":"global:owner","credentialType":"smtp","credentialId":"LQbZtmsKi7VinDye","publicApi":false,"projectId":"uFSbr0Cc2woR54Y6","projectType":"personal"}}
{"__type":"$$EventMessageConfirm","confirm":"380abd69-053b-4c90-92eb-6dcb9ab587f5","ts":"2025-10-16T19:12:24.995+05:00","source":{"id":"0","name":"eventBus"}}
{"__type":"$$EventMessageAudit","id":"8564c862-400b-43bd-a588-f7ff41641611","ts":"2025-10-16T19:13:16.765+05:00","eventName":"n8n.audit.user.credentials.updated","message":"n8n.audit.user.credentials.updated","payload":{"userId":"2d81a8bc-7eae-47dc-923b-6efa2c55cab6","_email":"khanannas55@gmail.com","_firstName":"Annas","_lastName":"Khan","globalRole":"global:owner","credentialType":"smtp","credentialId":"LQbZtmsKi7VinDye"}}
{"__type":"$$EventMessageConfirm","confirm":"8564c862-400b-43bd-a588-f7ff41641611","ts":"2025-10-16T19:13:16.765+05:00","source":{"id":"0","name":"eventBus"}}
{"__type":"$$EventMessageWorkflow","id":"428ca0a7-1760-44c5-addb-931295f8c98e","ts":"2025-10-16T19:13:36.657+05:00","eventName":"n8n.workflow.started","message":"n8n.workflow.started","payload":{"executionId":"12","workflowId":"iXOez3vqkJStzStC","isManual":false,"workflowName":"Lead Automation Workflow"}}
{"__type":"$$EventMessageConfirm","confirm":"428ca0a7-1760-44c5-addb-931295f8c98e","ts":"2025-10-16T19:13:36.657+05:00","source":{"id":"0","name":"eventBus"}}
{"__type":"$$EventMessageNode","id":"31dff4d8-3158-483f-b2d7-a3dffd9ba665","ts":"2025-10-16T19:13:36.757+05:00","eventName":"n8n.node.started","message":"n8n.node.started","payload":{"workflowId":"iXOez3vqkJStzStC","workflowName":"Lead Automation Workflow","executionId":"12","nodeType":"n8n-nodes-base.emailSend","nodeName":"Send email","nodeId":"2d6a2593-d8a7-4886-a750-0a43413e7301"}}
{"__type":"$$EventMessageConfirm","confirm":"31dff4d8-3158-483f-b2d7-a3dffd9ba665","ts":"2025-10-16T19:13:36.757+05:00","source":{"id":"0","name":"eventBus"}}
{"__type":"$$EventMessageNode","id":"2b5bfa2d-694b-46c4-adae-2b4498762fed","ts":"2025-10-16T19:13:43.475+05:00","eventName":"n8n.node.finished","message":"n8n.node.finished","payload":{"workflowId":"iXOez3vqkJStzStC","workflowName":"Lead Automation Workflow","executionId":"12","nodeType":"n8n-nodes-base.emailSend","nodeName":"Send email","nodeId":"2d6a2593-d8a7-4886-a750-0a43413e7301"}}
{"__type":"$$EventMessageConfirm","confirm":"2b5bfa2d-694b-46c4-adae-2b4498762fed","ts":"2025-10-16T19:13:43.475+05:00","source":{"id":"0","name":"eventBus"}}
{"__type":"$$EventMessageWorkflow","id":"5b01793d-9b53-4998-9173-e38764e53e81","ts":"2025-10-16T19:13:44.411+05:00","eventName":"n8n.workflow.success","message":"n8n.workflow.success","payload":{"userId":"2d81a8bc-7eae-47dc-923b-6efa2c55cab6","executionId":"12","success":true,"isManual":true,"workflowId":"iXOez3vqkJStzStC","workflowName":"Lead Automation Workflow"}}
{"__type":"$$EventMessageConfirm","confirm":"5b01793d-9b53-4998-9173-e38764e53e81","ts":"2025-10-16T19:13:44.411+05:00","source":{"id":"0","name":"eventBus"}}
{"__type":"$$EventMessageAudit","id":"2ab8917f-6858-499d-a795-51efed7e24cb","ts":"2025-10-16T19:15:29.312+05:00","eventName":"n8n.audit.workflow.updated","message":"n8n.audit.workflow.updated","payload":{"userId":"2d81a8bc-7eae-47dc-923b-6efa2c55cab6","_email":"khanannas55@gmail.com","_firstName":"Annas","_lastName":"Khan","globalRole":"global:owner","workflowId":"iXOez3vqkJStzStC","workflowName":"Lead Automation System"}}
{"__type":"$$EventMessageConfirm","confirm":"2ab8917f-6858-499d-a795-51efed7e24cb","ts":"2025-10-16T19:15:29.312+05:00","source":{"id":"0","name":"eventBus"}}
{"__type":"$$EventMessageWorkflow","id":"62495946-9997-4e28-be10-947b08dead98","ts":"2025-10-16T19:30:11.539+05:00","eventName":"n8n.workflow.started","message":"n8n.workflow.started","payload":{"executionId":"13","workflowId":"iXOez3vqkJStzStC","isManual":false,"workflowName":"Lead Automation System"}}
{"__type":"$$EventMessageConfirm","confirm":"62495946-9997-4e28-be10-947b08dead98","ts":"2025-10-16T19:30:11.539+05:00","source":{"id":"0","name":"eventBus"}}
{"__type":"$$EventMessageNode","id":"6cb66796-4997-4233-b926-542da5df6ec7","ts":"2025-10-16T19:30:11.541+05:00","eventName":"n8n.node.started","message":"n8n.node.started","payload":{"workflowId":"iXOez3vqkJStzStC","workflowName":"Lead Automation System","executionId":"13","nodeType":"n8n-nodes-base.webhook","nodeName":"Webhook","nodeId":"0a1e91d5-39ec-4680-a449-070ed435685f"}}
{"__type":"$$EventMessageConfirm","confirm":"6cb66796-4997-4233-b926-542da5df6ec7","ts":"2025-10-16T19:30:11.542+05:00","source":{"id":"0","name":"eventBus"}}
{"__type":"$$EventMessageNode","id":"9d773793-68f6-4bf6-8ec6-2e567c355eb6","ts":"2025-10-16T19:30:11.544+05:00","eventName":"n8n.node.finished","message":"n8n.node.finished","payload":{"workflowId":"iXOez3vqkJStzStC","workflowName":"Lead Automation System","executionId":"13","nodeType":"n8n-nodes-base.webhook","nodeName":"Webhook","nodeId":"0a1e91d5-39ec-4680-a449-070ed435685f"}}
{"__type":"$$EventMessageConfirm","confirm":"9d773793-68f6-4bf6-8ec6-2e567c355eb6","ts":"2025-10-16T19:30:11.544+05:00","source":{"id":"0","name":"eventBus"}}
{"__type":"$$EventMessageWorkflow","id":"b1172f88-0b6a-4d72-a86e-ec4bddd6c827","ts":"2025-10-16T19:30:11.551+05:00","eventName":"n8n.workflow.success","message":"n8n.workflow.success","payload":{"executionId":"13","success":true,"isManual":true,"workflowId":"iXOez3vqkJStzStC","workflowName":"Lead Automation System"}}
{"__type":"$$EventMessageConfirm","confirm":"b1172f88-0b6a-4d72-a86e-ec4bddd6c827","ts":"2025-10-16T19:30:11.551+05:00","source":{"id":"0","name":"eventBus"}}
{"__type":"$$EventMessageWorkflow","id":"52766d5f-969b-47cb-8c2c-9ec33cd30c07","ts":"2025-10-16T19:30:20.439+05:00","eventName":"n8n.workflow.started","message":"n8n.workflow.started","payload":{"executionId":"14","workflowId":"iXOez3vqkJStzStC","isManual":false,"workflowName":"Lead Automation System"}}
{"__type":"$$EventMessageConfirm","confirm":"52766d5f-969b-47cb-8c2c-9ec33cd30c07","ts":"2025-10-16T19:30:20.439+05:00","source":{"id":"0","name":"eventBus"}}
{"__type":"$$EventMessageNode","id":"b6d976e5-eeeb-4871-9bc3-35ed8dd9b3a3","ts":"2025-10-16T19:30:20.441+05:00","eventName":"n8n.node.started","message":"n8n.node.started","payload":{"workflowId":"iXOez3vqkJStzStC","workflowName":"Lead Automation System","executionId":"14","nodeType":"n8n-nodes-base.set","nodeName":"Edit Fields","nodeId":"5d7b59df-b549-4fa5-a6f0-ce52c116195a"}}
{"__type":"$$EventMessageConfirm","confirm":"b6d976e5-eeeb-4871-9bc3-35ed8dd9b3a3","ts":"2025-10-16T19:30:20.441+05:00","source":{"id":"0","name":"eventBus"}}
{"__type":"$$EventMessageNode","id":"0a0a2b54-843d-42ab-92ca-a57d598e97cf","ts":"2025-10-16T19:30:20.457+05:00","eventName":"n8n.node.finished","message":"n8n.node.finished","payload":{"workflowId":"iXOez3vqkJStzStC","workflowName":"Lead Automation System","executionId":"14","nodeType":"n8n-nodes-base.set","nodeName":"Edit Fields","nodeId":"5d7b59df-b549-4fa5-a6f0-ce52c116195a"}}
{"__type":"$$EventMessageConfirm","confirm":"0a0a2b54-843d-42ab-92ca-a57d598e97cf","ts":"2025-10-16T19:30:20.457+05:00","source":{"id":"0","name":"eventBus"}}
{"__type":"$$EventMessageWorkflow","id":"d6936aa3-a2f7-4ce5-a390-3b2cb2305632","ts":"2025-10-16T19:30:20.462+05:00","eventName":"n8n.workflow.success","message":"n8n.workflow.success","payload":{"userId":"2d81a8bc-7eae-47dc-923b-6efa2c55cab6","executionId":"14","success":true,"isManual":true,"workflowId":"iXOez3vqkJStzStC","workflowName":"Lead Automation System"}}
{"__type":"$$EventMessageConfirm","confirm":"d6936aa3-a2f7-4ce5-a390-3b2cb2305632","ts":"2025-10-16T19:30:20.462+05:00","source":{"id":"0","name":"eventBus"}}
{"__type":"$$EventMessageWorkflow","id":"c26dcd50-7506-455a-9a9d-7d89c4330b5c","ts":"2025-10-16T19:30:23.434+05:00","eventName":"n8n.workflow.started","message":"n8n.workflow.started","payload":{"executionId":"15","workflowId":"iXOez3vqkJStzStC","isManual":false,"workflowName":"Lead Automation System"}}
{"__type":"$$EventMessageConfirm","confirm":"c26dcd50-7506-455a-9a9d-7d89c4330b5c","ts":"2025-10-16T19:30:23.434+05:00","source":{"id":"0","name":"eventBus"}}
{"__type":"$$EventMessageNode","id":"4f704040-b93e-4375-ab20-698a717f9369","ts":"2025-10-16T19:30:23.436+05:00","eventName":"n8n.node.started","message":"n8n.node.started","payload":{"workflowId":"iXOez3vqkJStzStC","workflowName":"Lead Automation System","executionId":"15","nodeType":"n8n-nodes-base.googleSheets","nodeName":"Append row in sheet","nodeId":"fe7dce78-ec25-4f6a-8cc8-69142c670dce"}}
{"__type":"$$EventMessageConfirm","confirm":"4f704040-b93e-4375-ab20-698a717f9369","ts":"2025-10-16T19:30:23.436+05:00","source":{"id":"0","name":"eventBus"}}
{"__type":"$$EventMessageNode","id":"3432d14a-2fc1-4ed6-ac36-09d17e532b7a","ts":"2025-10-16T19:30:31.848+05:00","eventName":"n8n.node.finished","message":"n8n.node.finished","payload":{"workflowId":"iXOez3vqkJStzStC","workflowName":"Lead Automation System","executionId":"15","nodeType":"n8n-nodes-base.googleSheets","nodeName":"Append row in sheet","nodeId":"fe7dce78-ec25-4f6a-8cc8-69142c670dce"}}
{"__type":"$$EventMessageConfirm","confirm":"3432d14a-2fc1-4ed6-ac36-09d17e532b7a","ts":"2025-10-16T19:30:31.848+05:00","source":{"id":"0","name":"eventBus"}}
{"__type":"$$EventMessageWorkflow","id":"a0e7f5fd-73d3-452b-bea0-9ecd57e6ed26","ts":"2025-10-16T19:30:31.856+05:00","eventName":"n8n.workflow.success","message":"n8n.workflow.success","payload":{"userId":"2d81a8bc-7eae-47dc-923b-6efa2c55cab6","executionId":"15","success":true,"isManual":true,"workflowId":"iXOez3vqkJStzStC","workflowName":"Lead Automation System"}}
{"__type":"$$EventMessageConfirm","confirm":"a0e7f5fd-73d3-452b-bea0-9ecd57e6ed26","ts":"2025-10-16T19:30:31.857+05:00","source":{"id":"0","name":"eventBus"}}
{"__type":"$$EventMessageWorkflow","id":"84d9fa29-6a54-4c67-b2bb-ffdbe76b59b7","ts":"2025-10-16T19:30:34.243+05:00","eventName":"n8n.workflow.started","message":"n8n.workflow.started","payload":{"executionId":"16","workflowId":"iXOez3vqkJStzStC","isManual":false,"workflowName":"Lead Automation System"}}
{"__type":"$$EventMessageConfirm","confirm":"84d9fa29-6a54-4c67-b2bb-ffdbe76b59b7","ts":"2025-10-16T19:30:34.243+05:00","source":{"id":"0","name":"eventBus"}}
{"__type":"$$EventMessageNode","id":"f1c9b05d-c948-4a4f-982b-11bbce41a362","ts":"2025-10-16T19:30:34.244+05:00","eventName":"n8n.node.started","message":"n8n.node.started","payload":{"workflowId":"iXOez3vqkJStzStC","workflowName":"Lead Automation System","executionId":"16","nodeType":"n8n-nodes-base.emailSend","nodeName":"Send email","nodeId":"2d6a2593-d8a7-4886-a750-0a43413e7301"}}
{"__type":"$$EventMessageConfirm","confirm":"f1c9b05d-c948-4a4f-982b-11bbce41a362","ts":"2025-10-16T19:30:34.244+05:00","source":{"id":"0","name":"eventBus"}}
{"__type":"$$EventMessageNode","id":"fd31617f-769c-47ca-9acd-b7390a7f8167","ts":"2025-10-16T19:30:36.519+05:00","eventName":"n8n.node.finished","message":"n8n.node.finished","payload":{"workflowId":"iXOez3vqkJStzStC","workflowName":"Lead Automation System","executionId":"16","nodeType":"n8n-nodes-base.emailSend","nodeName":"Send email","nodeId":"2d6a2593-d8a7-4886-a750-0a43413e7301"}}
{"__type":"$$EventMessageConfirm","confirm":"fd31617f-769c-47ca-9acd-b7390a7f8167","ts":"2025-10-16T19:30:36.519+05:00","source":{"id":"0","name":"eventBus"}}
{"__type":"$$EventMessageWorkflow","id":"21ebbe14-9a80-4112-a362-b073e0ea84ce","ts":"2025-10-16T19:30:36.525+05:00","eventName":"n8n.workflow.success","message":"n8n.workflow.success","payload":{"userId":"2d81a8bc-7eae-47dc-923b-6efa2c55cab6","executionId":"16","success":true,"isManual":true,"workflowId":"iXOez3vqkJStzStC","workflowName":"Lead Automation System"}}
{"__type":"$$EventMessageConfirm","confirm":"21ebbe14-9a80-4112-a362-b073e0ea84ce","ts":"2025-10-16T19:30:36.525+05:00","source":{"id":"0","name":"eventBus"}}
